[09:17:06] [Datafixer Bootstrap/INFO]: 192 Datafixer optimizations took 205 milliseconds
[09:17:08] [Render thread/INFO]: Environment: Environment[accountsHost=https://api.mojang.com, sessionHost=https://sessionserver.mojang.com, servicesHost=https://api.minecraftservices.com, name=PROD]
[09:17:08] [Render thread/INFO]: Setting user: epicfacepace
[09:17:08] [Render thread/INFO]: Backend library: LWJGL version 3.3.2+13
[09:17:10] [Render thread/INFO]: Reloading ResourceManager: vanilla
[09:17:10] [Worker-Main-6/INFO]: Found unifont_all_no_pua-15.0.06.hex, loading
[09:17:12] [Render thread/WARN]: Missing sound for event: minecraft:item.goat_horn.play
[09:17:12] [Render thread/WARN]: Missing sound for event: minecraft:entity.goat.screaming.horn_break
[09:17:13] [Render thread/INFO]: OpenAL initialized on device OpenAL Soft on Speakers (Realtek(R) Audio)
[09:17:13] [Render thread/INFO]: Sound engine started
[09:17:13] [Render thread/INFO]: Created: 1024x512x4 minecraft:textures/atlas/blocks.png-atlas
[09:17:13] [Render thread/INFO]: Created: 256x256x4 minecraft:textures/atlas/signs.png-atlas
[09:17:13] [Render thread/INFO]: Created: 512x512x4 minecraft:textures/atlas/shield_patterns.png-atlas
[09:17:13] [Render thread/INFO]: Created: 512x512x4 minecraft:textures/atlas/banner_patterns.png-atlas
[09:17:13] [Render thread/INFO]: Created: 1024x1024x4 minecraft:textures/atlas/armor_trims.png-atlas
[09:17:13] [Render thread/INFO]: Created: 128x64x4 minecraft:textures/atlas/decorated_pot.png-atlas
[09:17:13] [Render thread/INFO]: Created: 256x256x4 minecraft:textures/atlas/chest.png-atlas
[09:17:13] [Render thread/INFO]: Created: 512x256x4 minecraft:textures/atlas/shulker_boxes.png-atlas
[09:17:13] [Render thread/INFO]: Created: 512x256x4 minecraft:textures/atlas/beds.png-atlas
[09:17:13] [Render thread/WARN]: Shader rendertype_entity_translucent_emissive could not find sampler named Sampler2 in the specified shader program.
[09:17:13] [Render thread/INFO]: Created: 256x256x0 minecraft:textures/atlas/particles.png-atlas
[09:17:13] [Render thread/INFO]: Created: 256x256x0 minecraft:textures/atlas/paintings.png-atlas
[09:17:13] [Render thread/INFO]: Created: 128x128x0 minecraft:textures/atlas/mob_effects.png-atlas
[09:17:13] [Render thread/INFO]: Created: 1024x512x0 minecraft:textures/atlas/gui.png-atlas
[09:22:47] [Render thread/INFO]: Loaded 7 recipes
[09:22:47] [Render thread/INFO]: Loaded 1271 advancements
[09:22:47] [Server thread/INFO]: Starting integrated minecraft server version 1.20.2
[09:22:47] [Server thread/INFO]: Generating keypair
[09:22:48] [Server thread/INFO]: Preparing start region for dimension minecraft:overworld
[09:22:50] [Render thread/INFO]: Preparing spawn area: 0%
[09:22:50] [Render thread/INFO]: Preparing spawn area: 0%
[09:22:50] [Render thread/INFO]: Preparing spawn area: 0%
[09:22:50] [Render thread/INFO]: Preparing spawn area: 0%
[09:22:50] [Render thread/INFO]: Preparing spawn area: 0%
[09:22:50] [Render thread/INFO]: Preparing spawn area: 42%
[09:22:51] [Render thread/INFO]: Time elapsed: 2839 ms
[09:22:51] [Server thread/INFO]: Changing view distance to 12, from 10
[09:22:51] [Server thread/INFO]: Changing simulation distance to 12, from 0
[09:22:51] [Server thread/INFO]: epicfacepace[local:E:4380b09f] logged in with entity id 7 at (8.492071795283776, -32.0, 5.222896865301966)
[09:22:51] [Server thread/INFO]: epicfacepace joined the game
[09:22:51] [Render thread/INFO]: Loaded 21 advancements
[09:22:57] [Server thread/INFO]: Saving and pausing game...
[09:22:57] [Server thread/INFO]: Saving chunks for level 'ServerLevel[Commands 2]'/minecraft:overworld
[09:22:57] [Server thread/INFO]: Saving chunks for level 'ServerLevel[Commands 2]'/minecraft:the_nether
[09:22:57] [Server thread/INFO]: Saving chunks for level 'ServerLevel[Commands 2]'/minecraft:the_end
[09:23:03] [Render thread/INFO]: [System] [CHAT] Command set: say e
[09:23:11] [Server thread/INFO]: Saving and pausing game...
[09:23:11] [Server thread/INFO]: Saving chunks for level 'ServerLevel[Commands 2]'/minecraft:overworld
[09:23:11] [Server thread/INFO]: Saving chunks for level 'ServerLevel[Commands 2]'/minecraft:the_nether
[09:23:11] [Server thread/INFO]: Saving chunks for level 'ServerLevel[Commands 2]'/minecraft:the_end
[09:46:54] [Server thread/WARN]: Can't keep up! Is the server overloaded? Running 2737ms or 54 ticks behind
[09:57:00] [Server thread/WARN]: Can't keep up! Is the server overloaded? Running 590670ms or 11813 ticks behind
[09:57:28] [Server thread/INFO]: Saving and pausing game...
[09:57:28] [Server thread/INFO]: Saving chunks for level 'ServerLevel[Commands 2]'/minecraft:overworld
[09:57:28] [Server thread/INFO]: Saving chunks for level 'ServerLevel[Commands 2]'/minecraft:the_nether
[09:57:28] [Server thread/INFO]: Saving chunks for level 'ServerLevel[Commands 2]'/minecraft:the_end
[09:59:02] [Server thread/INFO]: Saving and pausing game...
[09:59:02] [Server thread/INFO]: Saving chunks for level 'ServerLevel[Commands 2]'/minecraft:overworld
[09:59:02] [Server thread/INFO]: Saving chunks for level 'ServerLevel[Commands 2]'/minecraft:the_nether
[09:59:02] [Server thread/INFO]: Saving chunks for level 'ServerLevel[Commands 2]'/minecraft:the_end
[09:59:41] [Render thread/INFO]: [System] [CHAT] Command set: execute at @a if entity @e[type=minecraft:interaction,distance=..1,tag=Blue]
[09:59:44] [Server thread/INFO]: Saving and pausing game...
[09:59:44] [Server thread/INFO]: Saving chunks for level 'ServerLevel[Commands 2]'/minecraft:overworld
[09:59:44] [Server thread/INFO]: Saving chunks for level 'ServerLevel[Commands 2]'/minecraft:the_nether
[09:59:44] [Server thread/INFO]: Saving chunks for level 'ServerLevel[Commands 2]'/minecraft:the_end
[09:59:46] [Render thread/INFO]: [System] [CHAT] Command set: execute at @a if entity @e[type=minecraft:interaction,distance=..1,tag=Orange] at @e[type=minecraft:interaction,tag=Blue] as @a rotated as epicfacepace run tp @s ~ ~ ~1.1 ~180 ~
[09:59:48] [Server thread/INFO]: Saving and pausing game...
[09:59:48] [Server thread/INFO]: Saving chunks for level 'ServerLevel[Commands 2]'/minecraft:overworld
[09:59:48] [Server thread/INFO]: Saving chunks for level 'ServerLevel[Commands 2]'/minecraft:the_nether
[09:59:48] [Server thread/INFO]: Saving chunks for level 'ServerLevel[Commands 2]'/minecraft:the_end
[09:59:49] [Render thread/INFO]: [System] [CHAT] Command set: execute at @a if entity @e[type=minecraft:interaction,distance=..1,tag=Blue] at @e[type=minecraft:interaction,tag=Orange] as @a rotated as epicfacepace run tp @s ~ ~ ~1.1 ~180 ~
[09:59:51] [Server thread/INFO]: Saving and pausing game...
[09:59:51] [Server thread/INFO]: Saving chunks for level 'ServerLevel[Commands 2]'/minecraft:overworld
[09:59:51] [Server thread/INFO]: Saving chunks for level 'ServerLevel[Commands 2]'/minecraft:the_nether
[09:59:51] [Server thread/INFO]: Saving chunks for level 'ServerLevel[Commands 2]'/minecraft:the_end
[09:59:54] [Render thread/INFO]: [System] [CHAT] Command set: execute at @a if entity @e[type=minecraft:interaction,distance=..1,tag=Blue]
[09:59:55] [Server thread/INFO]: Saving and pausing game...
[09:59:55] [Server thread/INFO]: Saving chunks for level 'ServerLevel[Commands 2]'/minecraft:overworld
[09:59:55] [Server thread/INFO]: Saving chunks for level 'ServerLevel[Commands 2]'/minecraft:the_nether
[09:59:55] [Server thread/INFO]: Saving chunks for level 'ServerLevel[Commands 2]'/minecraft:the_end
[09:59:59] [Server thread/INFO]: Saving and pausing game...
[09:59:59] [Server thread/INFO]: Saving chunks for level 'ServerLevel[Commands 2]'/minecraft:overworld
[09:59:59] [Server thread/INFO]: Saving chunks for level 'ServerLevel[Commands 2]'/minecraft:the_nether
[09:59:59] [Server thread/INFO]: Saving chunks for level 'ServerLevel[Commands 2]'/minecraft:the_end
[10:00:07] [Render thread/INFO]: [System] [CHAT] Command set: say e
[10:00:09] [Server thread/INFO]: [Not Secure] [@] e
[10:00:10] [Render thread/INFO]: [System] [CHAT] [@] e
[10:00:10] [Server thread/INFO]: [Not Secure] [@] e
[10:00:10] [Render thread/INFO]: [System] [CHAT] [@] e
[10:00:10] [Server thread/INFO]: [Not Secure] [@] e
[10:00:10] [Render thread/INFO]: [System] [CHAT] [@] e
[10:00:10] [Server thread/INFO]: [Not Secure] [@] e
[10:00:10] [Render thread/INFO]: [System] [CHAT] [@] e
[10:00:10] [Server thread/INFO]: [Not Secure] [@] e
[10:00:10] [Render thread/INFO]: [System] [CHAT] [@] e
[10:00:10] [Server thread/INFO]: [Not Secure] [@] e
[10:00:10] [Render thread/INFO]: [System] [CHAT] [@] e
[10:00:10] [Server thread/INFO]: [Not Secure] [@] e
[10:00:10] [Render thread/INFO]: [System] [CHAT] [@] e
[10:00:10] [Server thread/INFO]: [Not Secure] [@] e
[10:00:10] [Render thread/INFO]: [System] [CHAT] [@] e
[10:00:10] [Server thread/INFO]: [Not Secure] [@] e
[10:00:10] [Render thread/INFO]: [System] [CHAT] [@] e
[10:00:10] [Server thread/INFO]: [Not Secure] [@] e
[10:00:10] [Render thread/INFO]: [System] [CHAT] [@] e
[10:00:10] [Server thread/INFO]: [Not Secure] [@] e
[10:00:10] [Render thread/INFO]: [System] [CHAT] [@] e
[10:00:10] [Server thread/INFO]: [Not Secure] [@] e
[10:00:10] [Render thread/INFO]: [System] [CHAT] [@] e
[10:00:10] [Server thread/INFO]: [Not Secure] [@] e
[10:00:10] [Render thread/INFO]: [System] [CHAT] [@] e
[10:00:12] [Server thread/INFO]: Saving and pausing game...
[10:00:12] [Server thread/INFO]: Saving chunks for level 'ServerLevel[Commands 2]'/minecraft:overworld
[10:00:12] [Server thread/INFO]: Saving chunks for level 'ServerLevel[Commands 2]'/minecraft:the_nether
[10:00:12] [Server thread/INFO]: Saving chunks for level 'ServerLevel[Commands 2]'/minecraft:the_end
[10:00:18] [Server thread/INFO]: Saving and pausing game...
[10:00:18] [Server thread/INFO]: Saving chunks for level 'ServerLevel[Commands 2]'/minecraft:overworld
[10:00:18] [Server thread/INFO]: Saving chunks for level 'ServerLevel[Commands 2]'/minecraft:the_nether
[10:00:18] [Server thread/INFO]: Saving chunks for level 'ServerLevel[Commands 2]'/minecraft:the_end
[10:00:25] [Render thread/INFO]: [System] [CHAT] Command set: say A
[10:00:25] [Server thread/INFO]: [Not Secure] [@] A
[10:00:25] [Render thread/INFO]: [System] [CHAT] [@] A
[10:00:25] [Server thread/INFO]: [Not Secure] [@] A
[10:00:25] [Render thread/INFO]: [System] [CHAT] [@] A
[10:00:25] [Server thread/INFO]: [Not Secure] [@] A
[10:00:25] [Render thread/INFO]: [System] [CHAT] [@] A
[10:00:25] [Server thread/INFO]: [Not Secure] [@] A
[10:00:25] [Render thread/INFO]: [System] [CHAT] [@] A
[10:00:25] [Server thread/INFO]: [Not Secure] [@] A
[10:00:25] [Render thread/INFO]: [System] [CHAT] [@] A
[10:00:25] [Server thread/INFO]: [Not Secure] [@] A
[10:00:25] [Render thread/INFO]: [System] [CHAT] [@] A
[10:00:25] [Server thread/INFO]: [Not Secure] [@] A
[10:00:25] [Render thread/INFO]: [System] [CHAT] [@] A
[10:00:25] [Server thread/INFO]: [Not Secure] [@] A
[10:00:25] [Render thread/INFO]: [System] [CHAT] [@] A
[10:00:25] [Server thread/INFO]: [Not Secure] [@] A
[10:00:25] [Render thread/INFO]: [System] [CHAT] [@] A
[10:00:25] [Server thread/INFO]: [Not Secure] [@] A
[10:00:25] [Render thread/INFO]: [System] [CHAT] [@] A
[10:00:25] [Server thread/INFO]: [Not Secure] [@] A
[10:00:25] [Render thread/INFO]: [System] [CHAT] [@] A
[10:00:25] [Server thread/INFO]: [Not Secure] [@] A
[10:00:25] [Render thread/INFO]: [System] [CHAT] [@] A
[10:00:25] [Server thread/INFO]: [Not Secure] [@] A
[10:00:25] [Render thread/INFO]: [System] [CHAT] [@] A
[10:00:26] [Server thread/INFO]: [Not Secure] [@] A
[10:00:26] [Render thread/INFO]: [System] [CHAT] [@] A
[10:00:26] [Server thread/INFO]: [Not Secure] [@] A
[10:00:26] [Render thread/INFO]: [System] [CHAT] [@] A
[10:00:26] [Server thread/INFO]: [Not Secure] [@] A
[10:00:26] [Render thread/INFO]: [System] [CHAT] [@] A
[10:00:26] [Server thread/INFO]: [Not Secure] [@] A
[10:00:26] [Render thread/INFO]: [System] [CHAT] [@] A
[10:00:26] [Server thread/INFO]: [Not Secure] [@] A
[10:00:26] [Render thread/INFO]: [System] [CHAT] [@] A
[10:00:26] [Server thread/INFO]: [Not Secure] [@] A
[10:00:26] [Render thread/INFO]: [System] [CHAT] [@] A
[10:00:26] [Server thread/INFO]: [Not Secure] [@] A
[10:00:26] [Render thread/INFO]: [System] [CHAT] [@] A
[10:00:26] [Server thread/INFO]: [Not Secure] [@] A
[10:00:26] [Render thread/INFO]: [System] [CHAT] [@] A
[10:00:26] [Server thread/INFO]: [Not Secure] [@] A
[10:00:26] [Render thread/INFO]: [System] [CHAT] [@] A
[10:00:26] [Server thread/INFO]: [Not Secure] [@] A
[10:00:26] [Render thread/INFO]: [System] [CHAT] [@] A
[10:00:26] [Server thread/INFO]: [Not Secure] [@] A
[10:00:26] [Render thread/INFO]: [System] [CHAT] [@] A
[10:00:26] [Server thread/INFO]: [Not Secure] [@] A
[10:00:26] [Render thread/INFO]: [System] [CHAT] [@] A
[10:00:26] [Server thread/INFO]: [Not Secure] [@] A
[10:00:26] [Render thread/INFO]: [System] [CHAT] [@] A
[10:00:26] [Server thread/INFO]: [Not Secure] [@] A
[10:00:26] [Render thread/INFO]: [System] [CHAT] [@] A
[10:00:26] [Server thread/INFO]: [Not Secure] [@] A
[10:00:26] [Render thread/INFO]: [System] [CHAT] [@] A
[10:00:26] [Server thread/INFO]: [Not Secure] [@] A
[10:00:26] [Render thread/INFO]: [System] [CHAT] [@] A
[10:00:26] [Server thread/INFO]: [Not Secure] [@] A
[10:00:26] [Render thread/INFO]: [System] [CHAT] [@] A
[10:00:26] [Server thread/INFO]: [Not Secure] [@] A
[10:00:26] [Render thread/INFO]: [System] [CHAT] [@] A
[10:00:26] [Server thread/INFO]: [Not Secure] [@] A
[10:00:26] [Render thread/INFO]: [System] [CHAT] [@] A
[10:00:26] [Server thread/INFO]: [Not Secure] [@] A
[10:00:26] [Render thread/INFO]: [System] [CHAT] [@] A
[10:00:27] [Server thread/INFO]: [Not Secure] [@] A
[10:00:27] [Render thread/INFO]: [System] [CHAT] [@] A
[10:00:27] [Server thread/INFO]: [Not Secure] [@] A
[10:00:27] [Render thread/INFO]: [System] [CHAT] [@] A
[10:00:27] [Server thread/INFO]: [Not Secure] [@] A
[10:00:27] [Render thread/INFO]: [System] [CHAT] [@] A
[10:00:27] [Server thread/INFO]: [Not Secure] [@] A
[10:00:27] [Render thread/INFO]: [System] [CHAT] [@] A
[10:00:27] [Server thread/INFO]: [Not Secure] [@] A
[10:00:27] [Render thread/INFO]: [System] [CHAT] [@] A
[10:00:27] [Server thread/INFO]: [Not Secure] [@] e
[10:00:27] [Server thread/INFO]: [Not Secure] [@] A
[10:00:27] [Render thread/INFO]: [System] [CHAT] [@] e
[10:00:27] [Render thread/INFO]: [System] [CHAT] [@] A
[10:00:27] [Server thread/INFO]: [Not Secure] [@] e
[10:00:27] [Server thread/INFO]: [Not Secure] [@] A
[10:00:27] [Render thread/INFO]: [System] [CHAT] [@] e
[10:00:27] [Render thread/INFO]: [System] [CHAT] [@] A
[10:00:27] [Server thread/INFO]: [Not Secure] [@] e
[10:00:27] [Server thread/INFO]: [Not Secure] [@] A
[10:00:27] [Render thread/INFO]: [System] [CHAT] [@] e
[10:00:27] [Render thread/INFO]: [System] [CHAT] [@] A
[10:00:27] [Server thread/INFO]: [Not Secure] [@] e
[10:00:27] [Server thread/INFO]: [Not Secure] [@] A
[10:00:27] [Render thread/INFO]: [System] [CHAT] [@] e
[10:00:27] [Render thread/INFO]: [System] [CHAT] [@] A
[10:00:27] [Server thread/INFO]: [Not Secure] [@] e
[10:00:27] [Server thread/INFO]: [Not Secure] [@] A
[10:00:27] [Render thread/INFO]: [System] [CHAT] [@] e
[10:00:27] [Render thread/INFO]: [System] [CHAT] [@] A
[10:00:27] [Server thread/INFO]: [Not Secure] [@] e
[10:00:27] [Server thread/INFO]: [Not Secure] [@] A
[10:00:27] [Render thread/INFO]: [System] [CHAT] [@] e
[10:00:27] [Render thread/INFO]: [System] [CHAT] [@] A
[10:00:27] [Server thread/INFO]: [Not Secure] [@] e
[10:00:27] [Server thread/INFO]: [Not Secure] [@] A
[10:00:27] [Render thread/INFO]: [System] [CHAT] [@] e
[10:00:27] [Render thread/INFO]: [System] [CHAT] [@] A
[10:00:27] [Server thread/INFO]: [Not Secure] [@] e
[10:00:27] [Server thread/INFO]: [Not Secure] [@] A
[10:00:27] [Render thread/INFO]: [System] [CHAT] [@] e
[10:00:27] [Render thread/INFO]: [System] [CHAT] [@] A
[10:00:27] [Server thread/INFO]: [Not Secure] [@] e
[10:00:27] [Server thread/INFO]: [Not Secure] [@] A
[10:00:27] [Render thread/INFO]: [System] [CHAT] [@] e
[10:00:27] [Render thread/INFO]: [System] [CHAT] [@] A
[10:00:27] [Server thread/INFO]: [Not Secure] [@] e
[10:00:27] [Server thread/INFO]: [Not Secure] [@] A
[10:00:27] [Render thread/INFO]: [System] [CHAT] [@] e
[10:00:27] [Render thread/INFO]: [System] [CHAT] [@] A
[10:00:27] [Server thread/INFO]: [Not Secure] [@] e
[10:00:27] [Server thread/INFO]: [Not Secure] [@] A
[10:00:27] [Render thread/INFO]: [System] [CHAT] [@] e
[10:00:27] [Render thread/INFO]: [System] [CHAT] [@] A
[10:00:27] [Server thread/INFO]: [Not Secure] [@] e
[10:00:27] [Server thread/INFO]: [Not Secure] [@] A
[10:00:27] [Render thread/INFO]: [System] [CHAT] [@] e
[10:00:27] [Render thread/INFO]: [System] [CHAT] [@] A
[10:00:27] [Server thread/INFO]: [Not Secure] [@] e
[10:00:27] [Server thread/INFO]: [Not Secure] [@] A
[10:00:27] [Render thread/INFO]: [System] [CHAT] [@] e
[10:00:27] [Render thread/INFO]: [System] [CHAT] [@] A
[10:00:27] [Server thread/INFO]: [Not Secure] [@] e
[10:00:27] [Server thread/INFO]: [Not Secure] [@] A
[10:00:27] [Render thread/INFO]: [System] [CHAT] [@] e
[10:00:27] [Render thread/INFO]: [System] [CHAT] [@] A
[10:00:27] [Server thread/INFO]: [Not Secure] [@] A
[10:00:27] [Render thread/INFO]: [System] [CHAT] [@] A
[10:00:28] [Server thread/INFO]: [Not Secure] [@] A
[10:00:28] [Render thread/INFO]: [System] [CHAT] [@] A
[10:00:28] [Server thread/INFO]: [Not Secure] [@] A
[10:00:28] [Render thread/INFO]: [System] [CHAT] [@] A
[10:00:28] [Server thread/INFO]: [Not Secure] [@] A
[10:00:28] [Render thread/INFO]: [System] [CHAT] [@] A
[10:00:28] [Server thread/INFO]: [Not Secure] [@] A
[10:00:28] [Render thread/INFO]: [System] [CHAT] [@] A
[10:00:28] [Server thread/INFO]: [Not Secure] [@] A
[10:00:28] [Render thread/INFO]: [System] [CHAT] [@] A
[10:00:28] [Server thread/INFO]: [Not Secure] [@] A
[10:00:28] [Render thread/INFO]: [System] [CHAT] [@] A
[10:00:28] [Server thread/INFO]: [Not Secure] [@] A
[10:00:28] [Render thread/INFO]: [System] [CHAT] [@] A
[10:00:28] [Server thread/INFO]: [Not Secure] [@] A
[10:00:28] [Render thread/INFO]: [System] [CHAT] [@] A
[10:00:28] [Server thread/INFO]: [Not Secure] [@] A
[10:00:28] [Render thread/INFO]: [System] [CHAT] [@] A
[10:00:28] [Server thread/INFO]: [Not Secure] [@] A
[10:00:28] [Render thread/INFO]: [System] [CHAT] [@] A
[10:00:28] [Server thread/INFO]: [Not Secure] [@] A
[10:00:28] [Render thread/INFO]: [System] [CHAT] [@] A
[10:00:28] [Server thread/INFO]: [Not Secure] [@] A
[10:00:28] [Render thread/INFO]: [System] [CHAT] [@] A
[10:00:28] [Server thread/INFO]: [Not Secure] [@] A
[10:00:28] [Render thread/INFO]: [System] [CHAT] [@] A
[10:00:28] [Server thread/INFO]: [Not Secure] [@] A
[10:00:28] [Render thread/INFO]: [System] [CHAT] [@] A
[10:00:28] [Server thread/INFO]: [Not Secure] [@] A
[10:00:28] [Render thread/INFO]: [System] [CHAT] [@] A
[10:00:28] [Server thread/INFO]: [Not Secure] [@] A
[10:00:28] [Render thread/INFO]: [System] [CHAT] [@] A
[10:00:28] [Server thread/INFO]: [Not Secure] [@] A
[10:00:28] [Render thread/INFO]: [System] [CHAT] [@] A
[10:00:28] [Server thread/INFO]: [Not Secure] [@] A
[10:00:28] [Render thread/INFO]: [System] [CHAT] [@] A
[10:00:28] [Server thread/INFO]: [Not Secure] [@] A
[10:00:28] [Render thread/INFO]: [System] [CHAT] [@] A
[10:00:28] [Server thread/INFO]: [Not Secure] [@] A
[10:00:28] [Render thread/INFO]: [System] [CHAT] [@] A
[10:00:29] [Server thread/INFO]: [Not Secure] [@] A
[10:00:29] [Render thread/INFO]: [System] [CHAT] [@] A
[10:00:29] [Server thread/INFO]: [Not Secure] [@] A
[10:00:29] [Render thread/INFO]: [System] [CHAT] [@] A
[10:00:29] [Server thread/INFO]: [Not Secure] [@] A
[10:00:29] [Render thread/INFO]: [System] [CHAT] [@] A
[10:00:29] [Server thread/INFO]: [Not Secure] [@] A
[10:00:29] [Render thread/INFO]: [System] [CHAT] [@] A
[10:00:29] [Server thread/INFO]: [Not Secure] [@] A
[10:00:29] [Render thread/INFO]: [System] [CHAT] [@] A
[10:00:29] [Server thread/INFO]: [Not Secure] [@] A
[10:00:29] [Render thread/INFO]: [System] [CHAT] [@] A
[10:00:29] [Server thread/INFO]: [Not Secure] [@] A
[10:00:29] [Render thread/INFO]: [System] [CHAT] [@] A
[10:00:29] [Server thread/INFO]: [Not Secure] [@] A
[10:00:29] [Render thread/INFO]: [System] [CHAT] [@] A
[10:00:29] [Server thread/INFO]: [Not Secure] [@] A
[10:00:29] [Render thread/INFO]: [System] [CHAT] [@] A
[10:00:29] [Server thread/INFO]: [Not Secure] [@] A
[10:00:29] [Render thread/INFO]: [System] [CHAT] [@] A
[10:00:29] [Server thread/INFO]: [Not Secure] [@] A
[10:00:29] [Render thread/INFO]: [System] [CHAT] [@] A
[10:00:29] [Server thread/INFO]: [Not Secure] [@] A
[10:00:29] [Render thread/INFO]: [System] [CHAT] [@] A
[10:00:29] [Server thread/INFO]: [Not Secure] [@] A
[10:00:29] [Render thread/INFO]: [System] [CHAT] [@] A
[10:00:29] [Server thread/INFO]: [Not Secure] [@] A
[10:00:29] [Render thread/INFO]: [System] [CHAT] [@] A
[10:00:29] [Server thread/INFO]: [Not Secure] [@] A
[10:00:29] [Render thread/INFO]: [System] [CHAT] [@] A
[10:00:29] [Server thread/INFO]: [Not Secure] [@] A
[10:00:29] [Render thread/INFO]: [System] [CHAT] [@] A
[10:00:29] [Server thread/INFO]: [Not Secure] [@] A
[10:00:29] [Render thread/INFO]: [System] [CHAT] [@] A
[10:00:29] [Server thread/INFO]: [Not Secure] [@] A
[10:00:29] [Render thread/INFO]: [System] [CHAT] [@] A
[10:00:29] [Server thread/INFO]: [Not Secure] [@] A
[10:00:29] [Render thread/INFO]: [System] [CHAT] [@] A
[10:00:29] [Server thread/INFO]: [Not Secure] [@] A
[10:00:29] [Render thread/INFO]: [System] [CHAT] [@] A
[10:00:30] [Server thread/INFO]: [Not Secure] [@] A
[10:00:30] [Render thread/INFO]: [System] [CHAT] [@] A
[10:00:41] [Server thread/INFO]: Saving and pausing game...
[10:00:41] [Server thread/INFO]: Saving chunks for level 'ServerLevel[Commands 2]'/minecraft:overworld
[10:00:41] [Server thread/INFO]: Saving chunks for level 'ServerLevel[Commands 2]'/minecraft:the_nether
[10:00:41] [Server thread/INFO]: Saving chunks for level 'ServerLevel[Commands 2]'/minecraft:the_end
[10:00:44] [Server thread/INFO]: Saving and pausing game...
[10:00:44] [Server thread/INFO]: Saving chunks for level 'ServerLevel[Commands 2]'/minecraft:overworld
[10:00:44] [Server thread/INFO]: Saving chunks for level 'ServerLevel[Commands 2]'/minecraft:the_nether
[10:00:44] [Server thread/INFO]: Saving chunks for level 'ServerLevel[Commands 2]'/minecraft:the_end
[10:01:05] [Render thread/INFO]: [System] [CHAT] epicfacepace has no tags
[10:01:16] [Server thread/INFO]: [epicfacepace: Added tag 'to_blue' to epicfacepace]
[10:01:16] [Render thread/INFO]: [System] [CHAT] Added tag 'to_blue' to epicfacepace
[10:01:19] [Render thread/INFO]: [System] [CHAT] epicfacepace has 1 tags: to_blue
[10:01:31] [Server thread/INFO]: [epicfacepace: Removed tag 'to_blue' from epicfacepace]
[10:01:31] [Render thread/INFO]: [System] [CHAT] Removed tag 'to_blue' from epicfacepace
[10:01:32] [Server thread/INFO]: Saving and pausing game...
[10:01:32] [Server thread/INFO]: Saving chunks for level 'ServerLevel[Commands 2]'/minecraft:overworld
[10:01:32] [Server thread/INFO]: Saving chunks for level 'ServerLevel[Commands 2]'/minecraft:the_nether
[10:01:32] [Server thread/INFO]: Saving chunks for level 'ServerLevel[Commands 2]'/minecraft:the_end
[10:01:43] [Render thread/INFO]: [System] [CHAT] Command set: execute as @s run say e
[10:01:49] [Server thread/INFO]: Saving and pausing game...
[10:01:49] [Server thread/INFO]: Saving chunks for level 'ServerLevel[Commands 2]'/minecraft:overworld
[10:01:49] [Server thread/INFO]: Saving chunks for level 'ServerLevel[Commands 2]'/minecraft:the_nether
[10:01:49] [Server thread/INFO]: Saving chunks for level 'ServerLevel[Commands 2]'/minecraft:the_end
[10:01:54] [Render thread/INFO]: [System] [CHAT] Command set: execute as @a run say e
[10:01:56] [Server thread/INFO]: [Not Secure] [epicfacepace] e
[10:01:56] [Render thread/INFO]: [System] [CHAT] [epicfacepace] e
[10:01:56] [Server thread/INFO]: [Not Secure] [epicfacepace] e
[10:01:56] [Render thread/INFO]: [System] [CHAT] [epicfacepace] e
[10:01:56] [Server thread/INFO]: [Not Secure] [epicfacepace] e
[10:01:56] [Render thread/INFO]: [System] [CHAT] [epicfacepace] e
[10:01:56] [Server thread/INFO]: [Not Secure] [epicfacepace] e
[10:01:56] [Render thread/INFO]: [System] [CHAT] [epicfacepace] e
[10:01:56] [Server thread/INFO]: [Not Secure] [epicfacepace] e
[10:01:56] [Render thread/INFO]: [System] [CHAT] [epicfacepace] e
[10:01:56] [Server thread/INFO]: [Not Secure] [epicfacepace] e
[10:01:56] [Render thread/INFO]: [System] [CHAT] [epicfacepace] e
[10:01:57] [Server thread/INFO]: [Not Secure] [epicfacepace] e
[10:01:57] [Render thread/INFO]: [System] [CHAT] [epicfacepace] e
[10:01:57] [Server thread/INFO]: [Not Secure] [epicfacepace] e
[10:01:57] [Render thread/INFO]: [System] [CHAT] [epicfacepace] e
[10:01:57] [Server thread/INFO]: [Not Secure] [epicfacepace] e
[10:01:57] [Render thread/INFO]: [System] [CHAT] [epicfacepace] e
[10:01:59] [Server thread/INFO]: Saving and pausing game...
[10:01:59] [Server thread/INFO]: Saving chunks for level 'ServerLevel[Commands 2]'/minecraft:overworld
[10:01:59] [Server thread/INFO]: Saving chunks for level 'ServerLevel[Commands 2]'/minecraft:the_nether
[10:01:59] [Server thread/INFO]: Saving chunks for level 'ServerLevel[Commands 2]'/minecraft:the_end
[10:02:03] [Server thread/INFO]: Saving and pausing game...
[10:02:03] [Server thread/INFO]: Saving chunks for level 'ServerLevel[Commands 2]'/minecraft:overworld
[10:02:03] [Server thread/INFO]: Saving chunks for level 'ServerLevel[Commands 2]'/minecraft:the_nether
[10:02:03] [Server thread/INFO]: Saving chunks for level 'ServerLevel[Commands 2]'/minecraft:the_end
[10:02:06] [Server thread/INFO]: Saving and pausing game...
[10:02:06] [Server thread/INFO]: Saving chunks for level 'ServerLevel[Commands 2]'/minecraft:overworld
[10:02:06] [Server thread/INFO]: Saving chunks for level 'ServerLevel[Commands 2]'/minecraft:the_nether
[10:02:06] [Server thread/INFO]: Saving chunks for level 'ServerLevel[Commands 2]'/minecraft:the_end
[10:02:50] [Render thread/INFO]: [System] [CHAT] Command set: execute if entity @e[type=minecraft:player,tag=to_blue]
[10:02:54] [Server thread/INFO]: Saving and pausing game...
[10:02:54] [Server thread/INFO]: Saving chunks for level 'ServerLevel[Commands 2]'/minecraft:overworld
[10:02:54] [Server thread/INFO]: Saving chunks for level 'ServerLevel[Commands 2]'/minecraft:the_nether
[10:02:54] [Server thread/INFO]: Saving chunks for level 'ServerLevel[Commands 2]'/minecraft:the_end
[10:02:56] [Server thread/INFO]: Saving and pausing game...
[10:02:56] [Server thread/INFO]: Saving chunks for level 'ServerLevel[Commands 2]'/minecraft:overworld
[10:02:56] [Server thread/INFO]: Saving chunks for level 'ServerLevel[Commands 2]'/minecraft:the_nether
[10:02:56] [Server thread/INFO]: Saving chunks for level 'ServerLevel[Commands 2]'/minecraft:the_end
[10:03:01] [Server thread/INFO]: Saving and pausing game...
[10:03:01] [Server thread/INFO]: Saving chunks for level 'ServerLevel[Commands 2]'/minecraft:overworld
[10:03:01] [Server thread/INFO]: Saving chunks for level 'ServerLevel[Commands 2]'/minecraft:the_nether
[10:03:01] [Server thread/INFO]: Saving chunks for level 'ServerLevel[Commands 2]'/minecraft:the_end
[10:03:04] [Render thread/INFO]: [System] [CHAT] Command set: execute unless entity @e[type=minecraft:player,tag=to_blue]
[10:03:06] [Server thread/INFO]: Saving and pausing game...
[10:03:06] [Server thread/INFO]: Saving chunks for level 'ServerLevel[Commands 2]'/minecraft:overworld
[10:03:06] [Server thread/INFO]: Saving chunks for level 'ServerLevel[Commands 2]'/minecraft:the_nether
[10:03:06] [Server thread/INFO]: Saving chunks for level 'ServerLevel[Commands 2]'/minecraft:the_end
[10:03:07] [Server thread/INFO]: Saving and pausing game...
[10:03:07] [Server thread/INFO]: Saving chunks for level 'ServerLevel[Commands 2]'/minecraft:overworld
[10:03:07] [Server thread/INFO]: Saving chunks for level 'ServerLevel[Commands 2]'/minecraft:the_nether
[10:03:07] [Server thread/INFO]: Saving chunks for level 'ServerLevel[Commands 2]'/minecraft:the_end
[10:03:32] [Server thread/INFO]: Saving and pausing game...
[10:03:32] [Server thread/INFO]: Saving chunks for level 'ServerLevel[Commands 2]'/minecraft:overworld
[10:03:32] [Server thread/INFO]: Saving chunks for level 'ServerLevel[Commands 2]'/minecraft:the_nether
[10:03:32] [Server thread/INFO]: Saving chunks for level 'ServerLevel[Commands 2]'/minecraft:the_end
[10:03:53] [Render thread/INFO]: [System] [CHAT] Command set: tag epicfacepace add to_orange
[10:04:01] [Server thread/INFO]: Saving and pausing game...
[10:04:01] [Server thread/INFO]: Saving chunks for level 'ServerLevel[Commands 2]'/minecraft:overworld
[10:04:01] [Server thread/INFO]: Saving chunks for level 'ServerLevel[Commands 2]'/minecraft:the_nether
[10:04:01] [Server thread/INFO]: Saving chunks for level 'ServerLevel[Commands 2]'/minecraft:the_end
[10:04:18] [Server thread/INFO]: Saving and pausing game...
[10:04:18] [Server thread/INFO]: Saving chunks for level 'ServerLevel[Commands 2]'/minecraft:overworld
[10:04:18] [Server thread/INFO]: Saving chunks for level 'ServerLevel[Commands 2]'/minecraft:the_nether
[10:04:18] [Server thread/INFO]: Saving chunks for level 'ServerLevel[Commands 2]'/minecraft:the_end
[10:04:34] [Render thread/INFO]: [System] [CHAT] Command set: execute at @e[type=minecraft:interaction,tag=Blue] as @a rotated as epicfacepace run tp @s ~ ~ ~1.1 ~180 ~
[10:04:41] [Render thread/INFO]: [System] [CHAT] epicfacepace has 1 tags: to_orange
[10:04:50] [Server thread/INFO]: Saving and pausing game...
[10:04:50] [Server thread/INFO]: Saving chunks for level 'ServerLevel[Commands 2]'/minecraft:overworld
[10:04:50] [Server thread/INFO]: Saving chunks for level 'ServerLevel[Commands 2]'/minecraft:the_nether
[10:04:50] [Server thread/INFO]: Saving chunks for level 'ServerLevel[Commands 2]'/minecraft:the_end
[10:05:10] [Server thread/INFO]: Saving and pausing game...
[10:05:10] [Server thread/INFO]: Saving chunks for level 'ServerLevel[Commands 2]'/minecraft:overworld
[10:05:10] [Server thread/INFO]: Saving chunks for level 'ServerLevel[Commands 2]'/minecraft:the_nether
[10:05:10] [Server thread/INFO]: Saving chunks for level 'ServerLevel[Commands 2]'/minecraft:the_end
[10:05:15] [Server thread/INFO]: Saving and pausing game...
[10:05:15] [Server thread/INFO]: Saving chunks for level 'ServerLevel[Commands 2]'/minecraft:overworld
[10:05:15] [Server thread/INFO]: Saving chunks for level 'ServerLevel[Commands 2]'/minecraft:the_nether
[10:05:15] [Server thread/INFO]: Saving chunks for level 'ServerLevel[Commands 2]'/minecraft:the_end
[10:05:19] [Server thread/INFO]: Saving and pausing game...
[10:05:19] [Server thread/INFO]: Saving chunks for level 'ServerLevel[Commands 2]'/minecraft:overworld
[10:05:19] [Server thread/INFO]: Saving chunks for level 'ServerLevel[Commands 2]'/minecraft:the_nether
[10:05:19] [Server thread/INFO]: Saving chunks for level 'ServerLevel[Commands 2]'/minecraft:the_end
[10:05:23] [Server thread/INFO]: Saving and pausing game...
[10:05:23] [Server thread/INFO]: Saving chunks for level 'ServerLevel[Commands 2]'/minecraft:overworld
[10:05:23] [Server thread/INFO]: Saving chunks for level 'ServerLevel[Commands 2]'/minecraft:the_nether
[10:05:23] [Server thread/INFO]: Saving chunks for level 'ServerLevel[Commands 2]'/minecraft:the_end
[10:05:26] [Server thread/INFO]: Saving and pausing game...
[10:05:26] [Server thread/INFO]: Saving chunks for level 'ServerLevel[Commands 2]'/minecraft:overworld
[10:05:26] [Server thread/INFO]: Saving chunks for level 'ServerLevel[Commands 2]'/minecraft:the_nether
[10:05:26] [Server thread/INFO]: Saving chunks for level 'ServerLevel[Commands 2]'/minecraft:the_end
[10:05:29] [Server thread/INFO]: Saving and pausing game...
[10:05:29] [Server thread/INFO]: Saving chunks for level 'ServerLevel[Commands 2]'/minecraft:overworld
[10:05:29] [Server thread/INFO]: Saving chunks for level 'ServerLevel[Commands 2]'/minecraft:the_nether
[10:05:29] [Server thread/INFO]: Saving chunks for level 'ServerLevel[Commands 2]'/minecraft:the_end
[10:05:36] [Server thread/INFO]: Saving and pausing game...
[10:05:36] [Server thread/INFO]: Saving chunks for level 'ServerLevel[Commands 2]'/minecraft:overworld
[10:05:36] [Server thread/INFO]: Saving chunks for level 'ServerLevel[Commands 2]'/minecraft:the_nether
[10:05:36] [Server thread/INFO]: Saving chunks for level 'ServerLevel[Commands 2]'/minecraft:the_end
[10:05:39] [Server thread/INFO]: Saving and pausing game...
[10:05:39] [Server thread/INFO]: Saving chunks for level 'ServerLevel[Commands 2]'/minecraft:overworld
[10:05:39] [Server thread/INFO]: Saving chunks for level 'ServerLevel[Commands 2]'/minecraft:the_nether
[10:05:39] [Server thread/INFO]: Saving chunks for level 'ServerLevel[Commands 2]'/minecraft:the_end
[10:05:42] [Render thread/INFO]: [System] [CHAT] Command set: execute at @a if entity @e[type=minecraft:interaction,distance=..1,tag=Orange]
[10:05:46] [Server thread/INFO]: Saving and pausing game...
[10:05:46] [Server thread/INFO]: Saving chunks for level 'ServerLevel[Commands 2]'/minecraft:overworld
[10:05:46] [Server thread/INFO]: Saving chunks for level 'ServerLevel[Commands 2]'/minecraft:the_nether
[10:05:46] [Server thread/INFO]: Saving chunks for level 'ServerLevel[Commands 2]'/minecraft:the_end
[10:05:48] [Server thread/INFO]: Saving and pausing game...
[10:05:48] [Server thread/INFO]: Saving chunks for level 'ServerLevel[Commands 2]'/minecraft:overworld
[10:05:48] [Server thread/INFO]: Saving chunks for level 'ServerLevel[Commands 2]'/minecraft:the_nether
[10:05:48] [Server thread/INFO]: Saving chunks for level 'ServerLevel[Commands 2]'/minecraft:the_end
[10:05:52] [Render thread/INFO]: [System] [CHAT] Command set: execute unless entity @e[type=minecraft:player,tag=to_orange]
[10:05:55] [Server thread/INFO]: Saving and pausing game...
[10:05:55] [Server thread/INFO]: Saving chunks for level 'ServerLevel[Commands 2]'/minecraft:overworld
[10:05:55] [Server thread/INFO]: Saving chunks for level 'ServerLevel[Commands 2]'/minecraft:the_nether
[10:05:55] [Server thread/INFO]: Saving chunks for level 'ServerLevel[Commands 2]'/minecraft:the_end
[10:05:56] [Render thread/INFO]: [System] [CHAT] Command set: tag epicfacepace add to_orange
[10:05:57] [Server thread/INFO]: Saving and pausing game...
[10:05:57] [Server thread/INFO]: Saving chunks for level 'ServerLevel[Commands 2]'/minecraft:overworld
[10:05:57] [Server thread/INFO]: Saving chunks for level 'ServerLevel[Commands 2]'/minecraft:the_nether
[10:05:57] [Server thread/INFO]: Saving chunks for level 'ServerLevel[Commands 2]'/minecraft:the_end
[10:06:01] [Render thread/INFO]: [System] [CHAT] Command set: tag epicfacepace add to_blue
[10:06:02] [Server thread/INFO]: Saving and pausing game...
[10:06:02] [Server thread/INFO]: Saving chunks for level 'ServerLevel[Commands 2]'/minecraft:overworld
[10:06:02] [Server thread/INFO]: Saving chunks for level 'ServerLevel[Commands 2]'/minecraft:the_nether
[10:06:02] [Server thread/INFO]: Saving chunks for level 'ServerLevel[Commands 2]'/minecraft:the_end
[10:06:03] [Render thread/INFO]: [System] [CHAT] Command set: execute at @e[type=minecraft:interaction,tag=Blue] as @a rotated as epicfacepace run tp @s ~ ~ ~1.1 ~180 ~
[10:06:04] [Server thread/INFO]: Saving and pausing game...
[10:06:04] [Server thread/INFO]: Saving chunks for level 'ServerLevel[Commands 2]'/minecraft:overworld
[10:06:04] [Server thread/INFO]: Saving chunks for level 'ServerLevel[Commands 2]'/minecraft:the_nether
[10:06:04] [Server thread/INFO]: Saving chunks for level 'ServerLevel[Commands 2]'/minecraft:the_end
[10:06:12] [Render thread/INFO]: [System] [CHAT] Command set: execute at @e[type=minecraft:interaction,tag=Orange] as @a rotated as epicfacepace run tp @s ~ ~ ~1.1 ~180 ~
[10:06:24] [Server thread/INFO]: Saving and pausing game...
[10:06:24] [Server thread/INFO]: Saving chunks for level 'ServerLevel[Commands 2]'/minecraft:overworld
[10:06:24] [Server thread/INFO]: Saving chunks for level 'ServerLevel[Commands 2]'/minecraft:the_nether
[10:06:24] [Server thread/INFO]: Saving chunks for level 'ServerLevel[Commands 2]'/minecraft:the_end
[10:06:27] [Server thread/INFO]: Saving and pausing game...
[10:06:27] [Server thread/INFO]: Saving chunks for level 'ServerLevel[Commands 2]'/minecraft:overworld
[10:06:27] [Server thread/INFO]: Saving chunks for level 'ServerLevel[Commands 2]'/minecraft:the_nether
[10:06:27] [Server thread/INFO]: Saving chunks for level 'ServerLevel[Commands 2]'/minecraft:the_end
[10:06:30] [Server thread/INFO]: Saving and pausing game...
[10:06:30] [Server thread/INFO]: Saving chunks for level 'ServerLevel[Commands 2]'/minecraft:overworld
[10:06:30] [Server thread/INFO]: Saving chunks for level 'ServerLevel[Commands 2]'/minecraft:the_nether
[10:06:30] [Server thread/INFO]: Saving chunks for level 'ServerLevel[Commands 2]'/minecraft:the_end
[10:06:31] [Server thread/INFO]: Saving and pausing game...
[10:06:31] [Server thread/INFO]: Saving chunks for level 'ServerLevel[Commands 2]'/minecraft:overworld
[10:06:31] [Server thread/INFO]: Saving chunks for level 'ServerLevel[Commands 2]'/minecraft:the_nether
[10:06:31] [Server thread/INFO]: Saving chunks for level 'ServerLevel[Commands 2]'/minecraft:the_end
[10:06:35] [Server thread/INFO]: Saving and pausing game...
[10:06:35] [Server thread/INFO]: Saving chunks for level 'ServerLevel[Commands 2]'/minecraft:overworld
[10:06:35] [Server thread/INFO]: Saving chunks for level 'ServerLevel[Commands 2]'/minecraft:the_nether
[10:06:35] [Server thread/INFO]: Saving chunks for level 'ServerLevel[Commands 2]'/minecraft:the_end
[10:06:41] [Render thread/INFO]: [System] [CHAT] epicfacepace has 1 tags: to_orange
[10:06:43] [Server thread/INFO]: Saving and pausing game...
[10:06:43] [Server thread/INFO]: Saving chunks for level 'ServerLevel[Commands 2]'/minecraft:overworld
[10:06:43] [Server thread/INFO]: Saving chunks for level 'ServerLevel[Commands 2]'/minecraft:the_nether
[10:06:43] [Server thread/INFO]: Saving chunks for level 'ServerLevel[Commands 2]'/minecraft:the_end
[10:06:56] [Server thread/INFO]: Saving and pausing game...
[10:06:56] [Server thread/INFO]: Saving chunks for level 'ServerLevel[Commands 2]'/minecraft:overworld
[10:06:56] [Server thread/INFO]: Saving chunks for level 'ServerLevel[Commands 2]'/minecraft:the_nether
[10:06:56] [Server thread/INFO]: Saving chunks for level 'ServerLevel[Commands 2]'/minecraft:the_end
[10:07:00] [Server thread/INFO]: Saving and pausing game...
[10:07:00] [Server thread/INFO]: Saving chunks for level 'ServerLevel[Commands 2]'/minecraft:overworld
[10:07:00] [Server thread/INFO]: Saving chunks for level 'ServerLevel[Commands 2]'/minecraft:the_nether
[10:07:00] [Server thread/INFO]: Saving chunks for level 'ServerLevel[Commands 2]'/minecraft:the_end
[10:07:10] [Server thread/INFO]: Saving and pausing game...
[10:07:10] [Server thread/INFO]: Saving chunks for level 'ServerLevel[Commands 2]'/minecraft:overworld
[10:07:10] [Server thread/INFO]: Saving chunks for level 'ServerLevel[Commands 2]'/minecraft:the_nether
[10:07:10] [Server thread/INFO]: Saving chunks for level 'ServerLevel[Commands 2]'/minecraft:the_end
[10:07:11] [Server thread/INFO]: Saving and pausing game...
[10:07:11] [Server thread/INFO]: Saving chunks for level 'ServerLevel[Commands 2]'/minecraft:overworld
[10:07:11] [Server thread/INFO]: Saving chunks for level 'ServerLevel[Commands 2]'/minecraft:the_nether
[10:07:11] [Server thread/INFO]: Saving chunks for level 'ServerLevel[Commands 2]'/minecraft:the_end
[10:07:12] [Server thread/INFO]: Saving and pausing game...
[10:07:12] [Server thread/INFO]: Saving chunks for level 'ServerLevel[Commands 2]'/minecraft:overworld
[10:07:12] [Server thread/INFO]: Saving chunks for level 'ServerLevel[Commands 2]'/minecraft:the_nether
[10:07:12] [Server thread/INFO]: Saving chunks for level 'ServerLevel[Commands 2]'/minecraft:the_end
[10:07:22] [Server thread/INFO]: Saving and pausing game...
[10:07:22] [Server thread/INFO]: Saving chunks for level 'ServerLevel[Commands 2]'/minecraft:overworld
[10:07:22] [Server thread/INFO]: Saving chunks for level 'ServerLevel[Commands 2]'/minecraft:the_nether
[10:07:22] [Server thread/INFO]: Saving chunks for level 'ServerLevel[Commands 2]'/minecraft:the_end
[10:07:30] [Server thread/INFO]: Saving and pausing game...
[10:07:30] [Server thread/INFO]: Saving chunks for level 'ServerLevel[Commands 2]'/minecraft:overworld
[10:07:30] [Server thread/INFO]: Saving chunks for level 'ServerLevel[Commands 2]'/minecraft:the_nether
[10:07:30] [Server thread/INFO]: Saving chunks for level 'ServerLevel[Commands 2]'/minecraft:the_end
[10:07:46] [Server thread/INFO]: Saving and pausing game...
[10:07:46] [Server thread/INFO]: Saving chunks for level 'ServerLevel[Commands 2]'/minecraft:overworld
[10:07:46] [Server thread/INFO]: Saving chunks for level 'ServerLevel[Commands 2]'/minecraft:the_nether
[10:07:46] [Server thread/INFO]: Saving chunks for level 'ServerLevel[Commands 2]'/minecraft:the_end
[10:07:54] [Server thread/INFO]: Saving and pausing game...
[10:07:54] [Server thread/INFO]: Saving chunks for level 'ServerLevel[Commands 2]'/minecraft:overworld
[10:07:54] [Server thread/INFO]: Saving chunks for level 'ServerLevel[Commands 2]'/minecraft:the_nether
[10:07:54] [Server thread/INFO]: Saving chunks for level 'ServerLevel[Commands 2]'/minecraft:the_end
[10:07:55] [Server thread/INFO]: Saving and pausing game...
[10:07:55] [Server thread/INFO]: Saving chunks for level 'ServerLevel[Commands 2]'/minecraft:overworld
[10:07:55] [Server thread/INFO]: Saving chunks for level 'ServerLevel[Commands 2]'/minecraft:the_nether
[10:07:55] [Server thread/INFO]: Saving chunks for level 'ServerLevel[Commands 2]'/minecraft:the_end
[10:07:57] [Server thread/INFO]: Saving and pausing game...
[10:07:57] [Server thread/INFO]: Saving chunks for level 'ServerLevel[Commands 2]'/minecraft:overworld
[10:07:57] [Server thread/INFO]: Saving chunks for level 'ServerLevel[Commands 2]'/minecraft:the_nether
[10:07:57] [Server thread/INFO]: Saving chunks for level 'ServerLevel[Commands 2]'/minecraft:the_end
[10:08:13] [Server thread/INFO]: Saving and pausing game...
[10:08:13] [Server thread/INFO]: Saving chunks for level 'ServerLevel[Commands 2]'/minecraft:overworld
[10:08:13] [Server thread/INFO]: Saving chunks for level 'ServerLevel[Commands 2]'/minecraft:the_nether
[10:08:13] [Server thread/INFO]: Saving chunks for level 'ServerLevel[Commands 2]'/minecraft:the_end
[10:08:28] [Server thread/INFO]: Saving and pausing game...
[10:08:28] [Server thread/INFO]: Saving chunks for level 'ServerLevel[Commands 2]'/minecraft:overworld
[10:08:28] [Server thread/INFO]: Saving chunks for level 'ServerLevel[Commands 2]'/minecraft:the_nether
[10:08:28] [Server thread/INFO]: Saving chunks for level 'ServerLevel[Commands 2]'/minecraft:the_end
[10:08:32] [Server thread/INFO]: Saving and pausing game...
[10:08:32] [Server thread/INFO]: Saving chunks for level 'ServerLevel[Commands 2]'/minecraft:overworld
[10:08:32] [Server thread/INFO]: Saving chunks for level 'ServerLevel[Commands 2]'/minecraft:the_nether
[10:08:32] [Server thread/INFO]: Saving chunks for level 'ServerLevel[Commands 2]'/minecraft:the_end
[10:09:11] [Render thread/INFO]: [System] [CHAT] Command set: execute at epicfacepace unless entity @e[type=minecraft:interaction,distance=..1,tag=Orange]
[10:09:18] [Server thread/INFO]: Saving and pausing game...
[10:09:18] [Server thread/INFO]: Saving chunks for level 'ServerLevel[Commands 2]'/minecraft:overworld
[10:09:18] [Server thread/INFO]: Saving chunks for level 'ServerLevel[Commands 2]'/minecraft:the_nether
[10:09:18] [Server thread/INFO]: Saving chunks for level 'ServerLevel[Commands 2]'/minecraft:the_end
[10:09:29] [Render thread/INFO]: [System] [CHAT] Command set: tag epicfacepace remove to_orange
[10:09:39] [Server thread/INFO]: Saving and pausing game...
[10:09:39] [Server thread/INFO]: Saving chunks for level 'ServerLevel[Commands 2]'/minecraft:overworld
[10:09:39] [Server thread/INFO]: Saving chunks for level 'ServerLevel[Commands 2]'/minecraft:the_nether
[10:09:39] [Server thread/INFO]: Saving chunks for level 'ServerLevel[Commands 2]'/minecraft:the_end
[10:09:42] [Render thread/INFO]: [System] [CHAT] Command set: execute at @e[type=minecraft:interaction,tag=Blue] as @a rotated as epicfacepace run tp @s ~ ~ ~ ~180 ~
[10:09:44] [Server thread/INFO]: Saving and pausing game...
[10:09:44] [Server thread/INFO]: Saving chunks for level 'ServerLevel[Commands 2]'/minecraft:overworld
[10:09:44] [Server thread/INFO]: Saving chunks for level 'ServerLevel[Commands 2]'/minecraft:the_nether
[10:09:44] [Server thread/INFO]: Saving chunks for level 'ServerLevel[Commands 2]'/minecraft:the_end
[10:09:45] [Render thread/INFO]: [System] [CHAT] Command set: execute at @e[type=minecraft:interaction,tag=Orange] as @a rotated as epicfacepace run tp @s ~ ~ ~ ~180 ~
[10:09:51] [Server thread/INFO]: Saving and pausing game...
[10:09:51] [Server thread/INFO]: Saving chunks for level 'ServerLevel[Commands 2]'/minecraft:overworld
[10:09:51] [Server thread/INFO]: Saving chunks for level 'ServerLevel[Commands 2]'/minecraft:the_nether
[10:09:51] [Server thread/INFO]: Saving chunks for level 'ServerLevel[Commands 2]'/minecraft:the_end
[10:10:01] [Server thread/INFO]: Saving and pausing game...
[10:10:01] [Server thread/INFO]: Saving chunks for level 'ServerLevel[Commands 2]'/minecraft:overworld
[10:10:01] [Server thread/INFO]: Saving chunks for level 'ServerLevel[Commands 2]'/minecraft:the_nether
[10:10:01] [Server thread/INFO]: Saving chunks for level 'ServerLevel[Commands 2]'/minecraft:the_end
[10:10:20] [Server thread/WARN]: Can't keep up! Is the server overloaded? Running 2401ms or 48 ticks behind
[10:58:41] [Server thread/WARN]: Can't keep up! Is the server overloaded? Running 2885874ms or 57717 ticks behind
[10:59:52] [Server thread/INFO]: [epicfacepace: Teleported epicfacepace to 8.500000, -22.000000, 0.500000]
[10:59:52] [Render thread/INFO]: [System] [CHAT] Teleported epicfacepace to 8.500000, -22.000000, 0.500000
[11:00:00] [Server thread/INFO]: Saving and pausing game...
[11:00:00] [Server thread/INFO]: Saving chunks for level 'ServerLevel[Commands 2]'/minecraft:overworld
[11:00:00] [Server thread/INFO]: Saving chunks for level 'ServerLevel[Commands 2]'/minecraft:the_nether
[11:00:00] [Server thread/INFO]: Saving chunks for level 'ServerLevel[Commands 2]'/minecraft:the_end
[11:00:08] [Server thread/INFO]: Saving and pausing game...
[11:00:08] [Server thread/INFO]: Saving chunks for level 'ServerLevel[Commands 2]'/minecraft:overworld
[11:00:08] [Server thread/INFO]: Saving chunks for level 'ServerLevel[Commands 2]'/minecraft:the_nether
[11:00:08] [Server thread/INFO]: Saving chunks for level 'ServerLevel[Commands 2]'/minecraft:the_end
[11:00:11] [Server thread/INFO]: Saving and pausing game...
[11:00:11] [Server thread/INFO]: Saving chunks for level 'ServerLevel[Commands 2]'/minecraft:overworld
[11:00:11] [Server thread/INFO]: Saving chunks for level 'ServerLevel[Commands 2]'/minecraft:the_nether
[11:00:11] [Server thread/INFO]: Saving chunks for level 'ServerLevel[Commands 2]'/minecraft:the_end
[11:00:15] [Server thread/INFO]: Saving and pausing game...
[11:00:15] [Server thread/INFO]: Saving chunks for level 'ServerLevel[Commands 2]'/minecraft:overworld
[11:00:15] [Server thread/INFO]: Saving chunks for level 'ServerLevel[Commands 2]'/minecraft:the_nether
[11:00:15] [Server thread/INFO]: Saving chunks for level 'ServerLevel[Commands 2]'/minecraft:the_end
[11:00:16] [Render thread/INFO]: [System] [CHAT] Command set: execute at epicfacepace unless entity @e[type=minecraft:interaction,distance=..1,tag=Orange]
[11:00:16] [Server thread/INFO]: Saving and pausing game...
[11:00:16] [Server thread/INFO]: Saving chunks for level 'ServerLevel[Commands 2]'/minecraft:overworld
[11:00:16] [Server thread/INFO]: Saving chunks for level 'ServerLevel[Commands 2]'/minecraft:the_nether
[11:00:16] [Server thread/INFO]: Saving chunks for level 'ServerLevel[Commands 2]'/minecraft:the_end
[11:00:22] [Render thread/INFO]: [System] [CHAT] Command set: execute at epicfacepace unless entity @e[type=minecraft:interaction,distance=..1,tag=Blue]
[11:00:23] [Server thread/INFO]: Saving and pausing game...
[11:00:23] [Server thread/INFO]: Saving chunks for level 'ServerLevel[Commands 2]'/minecraft:overworld
[11:00:23] [Server thread/INFO]: Saving chunks for level 'ServerLevel[Commands 2]'/minecraft:the_nether
[11:00:23] [Server thread/INFO]: Saving chunks for level 'ServerLevel[Commands 2]'/minecraft:the_end
[11:00:24] [Render thread/INFO]: [System] [CHAT] Command set: tag epicfacepace remove to_orange
[11:00:24] [Server thread/INFO]: Saving and pausing game...
[11:00:24] [Server thread/INFO]: Saving chunks for level 'ServerLevel[Commands 2]'/minecraft:overworld
[11:00:24] [Server thread/INFO]: Saving chunks for level 'ServerLevel[Commands 2]'/minecraft:the_nether
[11:00:24] [Server thread/INFO]: Saving chunks for level 'ServerLevel[Commands 2]'/minecraft:the_end
[11:00:27] [Render thread/INFO]: [System] [CHAT] Command set: tag epicfacepace remove to_blue
[11:00:29] [Server thread/INFO]: Saving and pausing game...
[11:00:29] [Server thread/INFO]: Saving chunks for level 'ServerLevel[Commands 2]'/minecraft:overworld
[11:00:29] [Server thread/INFO]: Saving chunks for level 'ServerLevel[Commands 2]'/minecraft:the_nether
[11:00:29] [Server thread/INFO]: Saving chunks for level 'ServerLevel[Commands 2]'/minecraft:the_end
[11:00:30] [Server thread/INFO]: Saving and pausing game...
[11:00:30] [Server thread/INFO]: Saving chunks for level 'ServerLevel[Commands 2]'/minecraft:overworld
[11:00:30] [Server thread/INFO]: Saving chunks for level 'ServerLevel[Commands 2]'/minecraft:the_nether
[11:00:30] [Server thread/INFO]: Saving chunks for level 'ServerLevel[Commands 2]'/minecraft:the_end
[11:00:34] [Server thread/INFO]: [epicfacepace: Teleported epicfacepace to 8.500000, -22.000000, 0.500000]
[11:00:34] [Render thread/INFO]: [System] [CHAT] Teleported epicfacepace to 8.500000, -22.000000, 0.500000
[11:00:36] [Server thread/INFO]: Saving and pausing game...
[11:00:36] [Server thread/INFO]: Saving chunks for level 'ServerLevel[Commands 2]'/minecraft:overworld
[11:00:36] [Server thread/INFO]: Saving chunks for level 'ServerLevel[Commands 2]'/minecraft:the_nether
[11:00:36] [Server thread/INFO]: Saving chunks for level 'ServerLevel[Commands 2]'/minecraft:the_end
[11:00:44] [Server thread/INFO]: Saving and pausing game...
[11:00:44] [Server thread/INFO]: Saving chunks for level 'ServerLevel[Commands 2]'/minecraft:overworld
[11:00:44] [Server thread/INFO]: Saving chunks for level 'ServerLevel[Commands 2]'/minecraft:the_nether
[11:00:44] [Server thread/INFO]: Saving chunks for level 'ServerLevel[Commands 2]'/minecraft:the_end
[11:00:46] [Server thread/INFO]: Saving and pausing game...
[11:00:46] [Server thread/INFO]: Saving chunks for level 'ServerLevel[Commands 2]'/minecraft:overworld
[11:00:46] [Server thread/INFO]: Saving chunks for level 'ServerLevel[Commands 2]'/minecraft:the_nether
[11:00:46] [Server thread/INFO]: Saving chunks for level 'ServerLevel[Commands 2]'/minecraft:the_end
[11:01:02] [Server thread/INFO]: Saving and pausing game...
[11:01:02] [Server thread/INFO]: Saving chunks for level 'ServerLevel[Commands 2]'/minecraft:overworld
[11:01:02] [Server thread/INFO]: Saving chunks for level 'ServerLevel[Commands 2]'/minecraft:the_nether
[11:01:02] [Server thread/INFO]: Saving chunks for level 'ServerLevel[Commands 2]'/minecraft:the_end
[11:01:06] [Server thread/INFO]: Saving and pausing game...
[11:01:06] [Server thread/INFO]: Saving chunks for level 'ServerLevel[Commands 2]'/minecraft:overworld
[11:01:06] [Server thread/INFO]: Saving chunks for level 'ServerLevel[Commands 2]'/minecraft:the_nether
[11:01:06] [Server thread/INFO]: Saving chunks for level 'ServerLevel[Commands 2]'/minecraft:the_end
[11:01:07] [Server thread/INFO]: Saving and pausing game...
[11:01:07] [Server thread/INFO]: Saving chunks for level 'ServerLevel[Commands 2]'/minecraft:overworld
[11:01:07] [Server thread/INFO]: Saving chunks for level 'ServerLevel[Commands 2]'/minecraft:the_nether
[11:01:07] [Server thread/INFO]: Saving chunks for level 'ServerLevel[Commands 2]'/minecraft:the_end
[11:01:08] [Server thread/INFO]: Saving and pausing game...
[11:01:08] [Server thread/INFO]: Saving chunks for level 'ServerLevel[Commands 2]'/minecraft:overworld
[11:01:08] [Server thread/INFO]: Saving chunks for level 'ServerLevel[Commands 2]'/minecraft:the_nether
[11:01:08] [Server thread/INFO]: Saving chunks for level 'ServerLevel[Commands 2]'/minecraft:the_end
[11:01:10] [Server thread/INFO]: Saving and pausing game...
[11:01:10] [Server thread/INFO]: Saving chunks for level 'ServerLevel[Commands 2]'/minecraft:overworld
[11:01:10] [Server thread/INFO]: Saving chunks for level 'ServerLevel[Commands 2]'/minecraft:the_nether
[11:01:10] [Server thread/INFO]: Saving chunks for level 'ServerLevel[Commands 2]'/minecraft:the_end
[11:01:12] [Server thread/INFO]: Saving and pausing game...
[11:01:12] [Server thread/INFO]: Saving chunks for level 'ServerLevel[Commands 2]'/minecraft:overworld
[11:01:12] [Server thread/INFO]: Saving chunks for level 'ServerLevel[Commands 2]'/minecraft:the_nether
[11:01:12] [Server thread/INFO]: Saving chunks for level 'ServerLevel[Commands 2]'/minecraft:the_end
[11:01:17] [Server thread/INFO]: Saving and pausing game...
[11:01:17] [Server thread/INFO]: Saving chunks for level 'ServerLevel[Commands 2]'/minecraft:overworld
[11:01:17] [Server thread/INFO]: Saving chunks for level 'ServerLevel[Commands 2]'/minecraft:the_nether
[11:01:17] [Server thread/INFO]: Saving chunks for level 'ServerLevel[Commands 2]'/minecraft:the_end
[11:01:28] [Server thread/INFO]: Saving and pausing game...
[11:01:28] [Server thread/INFO]: Saving chunks for level 'ServerLevel[Commands 2]'/minecraft:overworld
[11:01:28] [Server thread/INFO]: Saving chunks for level 'ServerLevel[Commands 2]'/minecraft:the_nether
[11:01:28] [Server thread/INFO]: Saving chunks for level 'ServerLevel[Commands 2]'/minecraft:the_end
[11:01:31] [Server thread/INFO]: Saving and pausing game...
[11:01:31] [Server thread/INFO]: Saving chunks for level 'ServerLevel[Commands 2]'/minecraft:overworld
[11:01:31] [Server thread/INFO]: Saving chunks for level 'ServerLevel[Commands 2]'/minecraft:the_nether
[11:01:31] [Server thread/INFO]: Saving chunks for level 'ServerLevel[Commands 2]'/minecraft:the_end
[11:01:35] [Server thread/INFO]: Saving and pausing game...
[11:01:35] [Server thread/INFO]: Saving chunks for level 'ServerLevel[Commands 2]'/minecraft:overworld
[11:01:35] [Server thread/INFO]: Saving chunks for level 'ServerLevel[Commands 2]'/minecraft:the_nether
[11:01:35] [Server thread/INFO]: Saving chunks for level 'ServerLevel[Commands 2]'/minecraft:the_end
[11:01:37] [Render thread/INFO]: [System] [CHAT] Command set: execute at @a if entity @e[type=minecraft:interaction,distance=..1,tag=Blue]
[11:01:38] [Server thread/INFO]: Saving and pausing game...
[11:01:38] [Server thread/INFO]: Saving chunks for level 'ServerLevel[Commands 2]'/minecraft:overworld
[11:01:38] [Server thread/INFO]: Saving chunks for level 'ServerLevel[Commands 2]'/minecraft:the_nether
[11:01:38] [Server thread/INFO]: Saving chunks for level 'ServerLevel[Commands 2]'/minecraft:the_end
[11:01:49] [Server thread/INFO]: [epicfacepace: Teleported epicfacepace to 12.500000, -22.000000, 0.500000]
[11:01:49] [Render thread/INFO]: [System] [CHAT] Teleported epicfacepace to 12.500000, -22.000000, 0.500000
[11:01:58] [Server thread/INFO]: Saving and pausing game...
[11:01:58] [Server thread/INFO]: Saving chunks for level 'ServerLevel[Commands 2]'/minecraft:overworld
[11:01:58] [Server thread/INFO]: Saving chunks for level 'ServerLevel[Commands 2]'/minecraft:the_nether
[11:01:58] [Server thread/INFO]: Saving chunks for level 'ServerLevel[Commands 2]'/minecraft:the_end
[11:02:05] [Server thread/INFO]: Saving and pausing game...
[11:02:05] [Server thread/INFO]: Saving chunks for level 'ServerLevel[Commands 2]'/minecraft:overworld
[11:02:05] [Server thread/INFO]: Saving chunks for level 'ServerLevel[Commands 2]'/minecraft:the_nether
[11:02:05] [Server thread/INFO]: Saving chunks for level 'ServerLevel[Commands 2]'/minecraft:the_end
[11:02:07] [Server thread/INFO]: Saving and pausing game...
[11:02:07] [Server thread/INFO]: Saving chunks for level 'ServerLevel[Commands 2]'/minecraft:overworld
[11:02:07] [Server thread/INFO]: Saving chunks for level 'ServerLevel[Commands 2]'/minecraft:the_nether
[11:02:07] [Server thread/INFO]: Saving chunks for level 'ServerLevel[Commands 2]'/minecraft:the_end
[11:02:08] [Server thread/INFO]: Saving and pausing game...
[11:02:08] [Server thread/INFO]: Saving chunks for level 'ServerLevel[Commands 2]'/minecraft:overworld
[11:02:08] [Server thread/INFO]: Saving chunks for level 'ServerLevel[Commands 2]'/minecraft:the_nether
[11:02:08] [Server thread/INFO]: Saving chunks for level 'ServerLevel[Commands 2]'/minecraft:the_end
[11:02:10] [Server thread/INFO]: Saving and pausing game...
[11:02:10] [Server thread/INFO]: Saving chunks for level 'ServerLevel[Commands 2]'/minecraft:overworld
[11:02:10] [Server thread/INFO]: Saving chunks for level 'ServerLevel[Commands 2]'/minecraft:the_nether
[11:02:10] [Server thread/INFO]: Saving chunks for level 'ServerLevel[Commands 2]'/minecraft:the_end
[11:02:12] [Server thread/INFO]: Saving and pausing game...
[11:02:12] [Server thread/INFO]: Saving chunks for level 'ServerLevel[Commands 2]'/minecraft:overworld
[11:02:12] [Server thread/INFO]: Saving chunks for level 'ServerLevel[Commands 2]'/minecraft:the_nether
[11:02:12] [Server thread/INFO]: Saving chunks for level 'ServerLevel[Commands 2]'/minecraft:the_end
[11:02:13] [Server thread/INFO]: Saving and pausing game...
[11:02:13] [Server thread/INFO]: Saving chunks for level 'ServerLevel[Commands 2]'/minecraft:overworld
[11:02:13] [Server thread/INFO]: Saving chunks for level 'ServerLevel[Commands 2]'/minecraft:the_nether
[11:02:13] [Server thread/INFO]: Saving chunks for level 'ServerLevel[Commands 2]'/minecraft:the_end
[11:02:21] [Server thread/INFO]: [epicfacepace: Teleported epicfacepace to 12.500000, -22.000000, 0.500000]
[11:02:21] [Render thread/INFO]: [System] [CHAT] Teleported epicfacepace to 12.500000, -22.000000, 0.500000
[11:02:24] [Server thread/INFO]: Saving and pausing game...
[11:02:24] [Server thread/INFO]: Saving chunks for level 'ServerLevel[Commands 2]'/minecraft:overworld
[11:02:24] [Server thread/INFO]: Saving chunks for level 'ServerLevel[Commands 2]'/minecraft:the_nether
[11:02:24] [Server thread/INFO]: Saving chunks for level 'ServerLevel[Commands 2]'/minecraft:the_end
[11:02:25] [Server thread/INFO]: Saving and pausing game...
[11:02:25] [Server thread/INFO]: Saving chunks for level 'ServerLevel[Commands 2]'/minecraft:overworld
[11:02:25] [Server thread/INFO]: Saving chunks for level 'ServerLevel[Commands 2]'/minecraft:the_nether
[11:02:25] [Server thread/INFO]: Saving chunks for level 'ServerLevel[Commands 2]'/minecraft:the_end
[11:02:27] [Server thread/INFO]: Saving and pausing game...
[11:02:27] [Server thread/INFO]: Saving chunks for level 'ServerLevel[Commands 2]'/minecraft:overworld
[11:02:27] [Server thread/INFO]: Saving chunks for level 'ServerLevel[Commands 2]'/minecraft:the_nether
[11:02:27] [Server thread/INFO]: Saving chunks for level 'ServerLevel[Commands 2]'/minecraft:the_end
[11:02:31] [Server thread/INFO]: Saving and pausing game...
[11:02:31] [Server thread/INFO]: Saving chunks for level 'ServerLevel[Commands 2]'/minecraft:overworld
[11:02:31] [Server thread/INFO]: Saving chunks for level 'ServerLevel[Commands 2]'/minecraft:the_nether
[11:02:31] [Server thread/INFO]: Saving chunks for level 'ServerLevel[Commands 2]'/minecraft:the_end
[11:02:33] [Server thread/INFO]: Saving and pausing game...
[11:02:33] [Server thread/INFO]: Saving chunks for level 'ServerLevel[Commands 2]'/minecraft:overworld
[11:02:33] [Server thread/INFO]: Saving chunks for level 'ServerLevel[Commands 2]'/minecraft:the_nether
[11:02:33] [Server thread/INFO]: Saving chunks for level 'ServerLevel[Commands 2]'/minecraft:the_end
[11:02:40] [Render thread/INFO]: [System] [CHAT] Command set: execute at @e[type=minecraft:interaction,tag=Blue] as @a rotated as epicfacepace run tp @s ~ ~ ~ ~180 ~
[11:02:41] [Server thread/INFO]: Saving and pausing game...
[11:02:41] [Server thread/INFO]: Saving chunks for level 'ServerLevel[Commands 2]'/minecraft:overworld
[11:02:41] [Server thread/INFO]: Saving chunks for level 'ServerLevel[Commands 2]'/minecraft:the_nether
[11:02:41] [Server thread/INFO]: Saving chunks for level 'ServerLevel[Commands 2]'/minecraft:the_end
[11:02:45] [Render thread/INFO]: [System] [CHAT] Command set: execute at @e[type=minecraft:interaction,tag=Orange] as @a rotated as epicfacepace run tp @s ~ ~ ~ ~180 ~
[11:02:46] [Server thread/INFO]: Saving and pausing game...
[11:02:46] [Server thread/INFO]: Saving chunks for level 'ServerLevel[Commands 2]'/minecraft:overworld
[11:02:46] [Server thread/INFO]: Saving chunks for level 'ServerLevel[Commands 2]'/minecraft:the_nether
[11:02:46] [Server thread/INFO]: Saving chunks for level 'ServerLevel[Commands 2]'/minecraft:the_end
[11:02:48] [Render thread/INFO]: [System] [CHAT] Command set: execute at @a if entity @e[type=minecraft:interaction,distance=..1,tag=Blue]
[11:03:28] [Server thread/INFO]: Saving and pausing game...
[11:03:28] [Server thread/INFO]: Saving chunks for level 'ServerLevel[Commands 2]'/minecraft:overworld
[11:03:28] [Server thread/INFO]: Saving chunks for level 'ServerLevel[Commands 2]'/minecraft:the_nether
[11:03:28] [Server thread/INFO]: Saving chunks for level 'ServerLevel[Commands 2]'/minecraft:the_end
[11:03:34] [Server thread/INFO]: Saving and pausing game...
[11:03:34] [Server thread/INFO]: Saving chunks for level 'ServerLevel[Commands 2]'/minecraft:overworld
[11:03:34] [Server thread/INFO]: Saving chunks for level 'ServerLevel[Commands 2]'/minecraft:the_nether
[11:03:34] [Server thread/INFO]: Saving chunks for level 'ServerLevel[Commands 2]'/minecraft:the_end
[11:04:53] [Server thread/INFO]: [epicfacepace: Successfully filled 12 block(s)]
[11:04:53] [Render thread/INFO]: [System] [CHAT] Successfully filled 12 block(s)
[11:04:55] [Server thread/INFO]: Saving and pausing game...
[11:04:55] [Server thread/INFO]: Saving chunks for level 'ServerLevel[Commands 2]'/minecraft:overworld
[11:04:55] [Server thread/INFO]: Saving chunks for level 'ServerLevel[Commands 2]'/minecraft:the_nether
[11:04:55] [Server thread/INFO]: Saving chunks for level 'ServerLevel[Commands 2]'/minecraft:the_end
[11:05:12] [Server thread/INFO]: Saving and pausing game...
[11:05:12] [Server thread/INFO]: Saving chunks for level 'ServerLevel[Commands 2]'/minecraft:overworld
[11:05:12] [Server thread/INFO]: Saving chunks for level 'ServerLevel[Commands 2]'/minecraft:the_nether
[11:05:12] [Server thread/INFO]: Saving chunks for level 'ServerLevel[Commands 2]'/minecraft:the_end
[11:05:26] [Server thread/INFO]: Saving and pausing game...
[11:05:26] [Server thread/INFO]: Saving chunks for level 'ServerLevel[Commands 2]'/minecraft:overworld
[11:05:26] [Server thread/INFO]: Saving chunks for level 'ServerLevel[Commands 2]'/minecraft:the_nether
[11:05:26] [Server thread/INFO]: Saving chunks for level 'ServerLevel[Commands 2]'/minecraft:the_end
[11:05:29] [Server thread/INFO]: Saving and pausing game...
[11:05:29] [Server thread/INFO]: Saving chunks for level 'ServerLevel[Commands 2]'/minecraft:overworld
[11:05:29] [Server thread/INFO]: Saving chunks for level 'ServerLevel[Commands 2]'/minecraft:the_nether
[11:05:29] [Server thread/INFO]: Saving chunks for level 'ServerLevel[Commands 2]'/minecraft:the_end
[11:05:33] [Render thread/INFO]: [System] [CHAT] Command set: execute at @e[type=minecraft:interaction,tag=Blue] as @a rotated as epicfacepace run tp @s ~ ~ ~1 ~180 ~
[11:05:34] [Server thread/INFO]: Saving and pausing game...
[11:05:34] [Server thread/INFO]: Saving chunks for level 'ServerLevel[Commands 2]'/minecraft:overworld
[11:05:34] [Server thread/INFO]: Saving chunks for level 'ServerLevel[Commands 2]'/minecraft:the_nether
[11:05:34] [Server thread/INFO]: Saving chunks for level 'ServerLevel[Commands 2]'/minecraft:the_end
[11:05:35] [Render thread/INFO]: [System] [CHAT] Command set: execute at @e[type=minecraft:interaction,tag=Orange] as @a rotated as epicfacepace run tp @s ~ ~ ~1 ~180 ~
[11:06:08] [Server thread/INFO]: Saving and pausing game...
[11:06:08] [Server thread/INFO]: Saving chunks for level 'ServerLevel[Commands 2]'/minecraft:overworld
[11:06:08] [Server thread/INFO]: Saving chunks for level 'ServerLevel[Commands 2]'/minecraft:the_nether
[11:06:08] [Server thread/INFO]: Saving chunks for level 'ServerLevel[Commands 2]'/minecraft:the_end
[11:08:22] [Render thread/INFO]: [System] [CHAT] Command set: execute at @e[type=minecraft:interaction,tag=Orange] as @a rotated as epicfacepace run tp @s ~ ~ ~1 ~180 ~
[11:10:03] [Server thread/INFO]: Saving and pausing game...
[11:10:03] [Server thread/INFO]: Saving chunks for level 'ServerLevel[Commands 2]'/minecraft:overworld
[11:10:03] [Server thread/INFO]: Saving chunks for level 'ServerLevel[Commands 2]'/minecraft:the_nether
[11:10:03] [Server thread/INFO]: Saving chunks for level 'ServerLevel[Commands 2]'/minecraft:the_end
[11:11:08] [Server thread/INFO]: [Interaction: Teleported Interaction to 8.500000, -32.000000, 5.500000]
[11:11:08] [Render thread/INFO]: [System] [CHAT] Teleported Interaction to 8.500000, -32.000000, 5.500000
[11:11:09] [Render thread/INFO]: [System] [CHAT] [Debug]: Hitboxes: shown
[11:12:24] [Server thread/INFO]: [Block Display: Teleported Block Display to 8.500000, -32.000000, 5.500000]
[11:12:24] [Render thread/INFO]: [System] [CHAT] Teleported Block Display to 8.500000, -32.000000, 5.500000
[11:12:57] [Server thread/INFO]: Saving and pausing game...
[11:12:57] [Server thread/INFO]: Saving chunks for level 'ServerLevel[Commands 2]'/minecraft:overworld
[11:12:57] [Server thread/INFO]: Saving chunks for level 'ServerLevel[Commands 2]'/minecraft:the_nether
[11:12:57] [Server thread/INFO]: Saving chunks for level 'ServerLevel[Commands 2]'/minecraft:the_end
[11:13:07] [Server thread/INFO]: Saving and pausing game...
[11:13:07] [Server thread/INFO]: Saving chunks for level 'ServerLevel[Commands 2]'/minecraft:overworld
[11:13:07] [Server thread/INFO]: Saving chunks for level 'ServerLevel[Commands 2]'/minecraft:the_nether
[11:13:07] [Server thread/INFO]: Saving chunks for level 'ServerLevel[Commands 2]'/minecraft:the_end
[11:13:08] [Render thread/INFO]: [System] [CHAT] Command set: execute at @e[type=minecraft:interaction,tag=Orange] as @a rotated as epicfacepace run tp @s ~ ~ ~-1 ~180 ~
[11:13:09] [Server thread/INFO]: Saving and pausing game...
[11:13:09] [Server thread/INFO]: Saving chunks for level 'ServerLevel[Commands 2]'/minecraft:overworld
[11:13:09] [Server thread/INFO]: Saving chunks for level 'ServerLevel[Commands 2]'/minecraft:the_nether
[11:13:09] [Server thread/INFO]: Saving chunks for level 'ServerLevel[Commands 2]'/minecraft:the_end
[11:13:35] [Server thread/INFO]: Saving and pausing game...
[11:13:35] [Server thread/INFO]: Saving chunks for level 'ServerLevel[Commands 2]'/minecraft:overworld
[11:13:35] [Server thread/INFO]: Saving chunks for level 'ServerLevel[Commands 2]'/minecraft:the_nether
[11:13:35] [Server thread/INFO]: Saving chunks for level 'ServerLevel[Commands 2]'/minecraft:the_end
[11:13:37] [Server thread/INFO]: Saving and pausing game...
[11:13:37] [Server thread/INFO]: Saving chunks for level 'ServerLevel[Commands 2]'/minecraft:overworld
[11:13:37] [Server thread/INFO]: Saving chunks for level 'ServerLevel[Commands 2]'/minecraft:the_nether
[11:13:37] [Server thread/INFO]: Saving chunks for level 'ServerLevel[Commands 2]'/minecraft:the_end
[11:13:39] [Server thread/INFO]: Saving and pausing game...
[11:13:39] [Server thread/INFO]: Saving chunks for level 'ServerLevel[Commands 2]'/minecraft:overworld
[11:13:39] [Server thread/INFO]: Saving chunks for level 'ServerLevel[Commands 2]'/minecraft:the_nether
[11:13:39] [Server thread/INFO]: Saving chunks for level 'ServerLevel[Commands 2]'/minecraft:the_end
[11:13:41] [Render thread/INFO]: [System] [CHAT] Command set: execute at @e[type=minecraft:interaction,tag=Orange] as @a rotated as epicfacepace run tp @s ~ ~ ~-1 ~0 ~
[11:13:45] [Server thread/INFO]: Saving and pausing game...
[11:13:45] [Server thread/INFO]: Saving chunks for level 'ServerLevel[Commands 2]'/minecraft:overworld
[11:13:45] [Server thread/INFO]: Saving chunks for level 'ServerLevel[Commands 2]'/minecraft:the_nether
[11:13:45] [Server thread/INFO]: Saving chunks for level 'ServerLevel[Commands 2]'/minecraft:the_end
[11:13:51] [Server thread/INFO]: Saving and pausing game...
[11:13:51] [Server thread/INFO]: Saving chunks for level 'ServerLevel[Commands 2]'/minecraft:overworld
[11:13:51] [Server thread/INFO]: Saving chunks for level 'ServerLevel[Commands 2]'/minecraft:the_nether
[11:13:51] [Server thread/INFO]: Saving chunks for level 'ServerLevel[Commands 2]'/minecraft:the_end
[11:22:45] [Server thread/INFO]: Saving and pausing game...
[11:22:45] [Server thread/INFO]: Saving chunks for level 'ServerLevel[Commands 2]'/minecraft:overworld
[11:22:45] [Server thread/INFO]: Saving chunks for level 'ServerLevel[Commands 2]'/minecraft:the_nether
[11:22:45] [Server thread/INFO]: Saving chunks for level 'ServerLevel[Commands 2]'/minecraft:the_end
[11:28:04] [Server thread/INFO]: Saving and pausing game...
[11:28:04] [Server thread/INFO]: Saving chunks for level 'ServerLevel[Commands 2]'/minecraft:overworld
[11:28:04] [Server thread/INFO]: Saving chunks for level 'ServerLevel[Commands 2]'/minecraft:the_nether
[11:28:04] [Server thread/INFO]: Saving chunks for level 'ServerLevel[Commands 2]'/minecraft:the_end
[11:28:38] [Server thread/INFO]: [epicfacepace: Modified entity data of Interaction]
[11:28:38] [Render thread/INFO]: [System] [CHAT] Modified entity data of Interaction
[11:28:54] [Render thread/INFO]: [System] [CHAT] Interaction has the following entity data: {Motion: [0.0d, 0.0d, 0.0d], Invulnerable: 0b, Air: 300s, OnGround: 1b, PortalCooldown: 0, Rotation: [-174.04572f, 22.394638f], FallDistance: 0.0f, Pos: [8.5d, -32.0d, 5.5d], response: 0b, Fire: 0s, width: 1.0f, UUID: [I; 1174453087, 1810451172, -1726273431, 1558963109], Tags: ["Orange"], height: 1.0f}
[11:29:20] [Server thread/INFO]: [epicfacepace: Modified entity data of Interaction]
[11:29:20] [Render thread/INFO]: [System] [CHAT] Modified entity data of Interaction
[11:29:46] [Render thread/INFO]: [System] [CHAT] Nothing changed. The specified properties already have these values
[11:30:30] [Render thread/INFO]: [System] [CHAT] No entity was found
[11:30:38] [Server thread/INFO]: [epicfacepace: Modified entity data of Block Display]
[11:30:38] [Render thread/INFO]: [System] [CHAT] Modified entity data of Block Display
[11:31:44] [Server thread/INFO]: [Block Display: Teleported Block Display to 8.500000, -32.000000, 5.500000]
[11:31:44] [Render thread/INFO]: [System] [CHAT] Teleported Block Display to 8.500000, -32.000000, 5.500000
[11:31:53] [Server thread/INFO]: [Block Display: Teleported Block Display to 9.000000, -32.000000, 6.000000]
[11:31:53] [Render thread/INFO]: [System] [CHAT] Teleported Block Display to 9.000000, -32.000000, 6.000000
[11:32:02] [Server thread/INFO]: [Block Display: Teleported Block Display to 8.000000, -32.000000, 5.000000]
[11:32:02] [Render thread/INFO]: [System] [CHAT] Teleported Block Display to 8.000000, -32.000000, 5.000000
[11:32:05] [Render thread/INFO]: [System] [CHAT] [Debug]: Hitboxes: hidden
[11:32:06] [Server thread/INFO]: Saving and pausing game...
[11:32:06] [Server thread/INFO]: Saving chunks for level 'ServerLevel[Commands 2]'/minecraft:overworld
[11:32:06] [Server thread/INFO]: Saving chunks for level 'ServerLevel[Commands 2]'/minecraft:the_nether
[11:32:06] [Server thread/INFO]: Saving chunks for level 'ServerLevel[Commands 2]'/minecraft:the_end
[11:36:11] [Server thread/INFO]: Changing view distance to 5, from 12
[11:36:11] [Server thread/INFO]: Changing simulation distance to 5, from 12
[11:36:13] [Server thread/INFO]: Saving and pausing game...
[11:36:13] [Server thread/INFO]: Saving chunks for level 'ServerLevel[Commands 2]'/minecraft:overworld
[11:36:13] [Server thread/INFO]: Saving chunks for level 'ServerLevel[Commands 2]'/minecraft:the_nether
[11:36:13] [Server thread/INFO]: Saving chunks for level 'ServerLevel[Commands 2]'/minecraft:the_end
[11:36:14] [Server thread/INFO]: Saving and pausing game...
[11:36:14] [Server thread/INFO]: Saving chunks for level 'ServerLevel[Commands 2]'/minecraft:overworld
[11:36:14] [Server thread/INFO]: Saving chunks for level 'ServerLevel[Commands 2]'/minecraft:the_nether
[11:36:14] [Server thread/INFO]: Saving chunks for level 'ServerLevel[Commands 2]'/minecraft:the_end
[11:36:18] [Server thread/INFO]: Saving and pausing game...
[11:36:18] [Server thread/INFO]: Saving chunks for level 'ServerLevel[Commands 2]'/minecraft:overworld
[11:36:18] [Server thread/INFO]: Saving chunks for level 'ServerLevel[Commands 2]'/minecraft:the_nether
[11:36:18] [Server thread/INFO]: Saving chunks for level 'ServerLevel[Commands 2]'/minecraft:the_end
[11:39:08] [Server thread/INFO]: epicfacepace lost connection: Disconnected
[11:39:08] [Server thread/INFO]: epicfacepace left the game
[11:39:08] [Server thread/INFO]: Stopping singleplayer server as player logged out
[11:39:08] [Server thread/INFO]: Stopping server
[11:39:08] [Server thread/INFO]: Saving players
[11:39:08] [Server thread/INFO]: Saving worlds
[11:39:09] [Server thread/INFO]: Saving chunks for level 'ServerLevel[Commands 2]'/minecraft:overworld
[11:39:09] [Server thread/INFO]: Saving chunks for level 'ServerLevel[Commands 2]'/minecraft:the_nether
[11:39:09] [Server thread/INFO]: Saving chunks for level 'ServerLevel[Commands 2]'/minecraft:the_end
[11:39:09] [Server thread/INFO]: ThreadedAnvilChunkStorage (Commands 2): All chunks are saved
[11:39:09] [Server thread/INFO]: ThreadedAnvilChunkStorage (DIM-1): All chunks are saved
[11:39:09] [Server thread/INFO]: ThreadedAnvilChunkStorage (DIM1): All chunks are saved
[11:39:09] [Server thread/INFO]: ThreadedAnvilChunkStorage: All dimensions are saved
[11:39:10] [Render thread/INFO]: Stopping!
